e:\vcsb\vcsandbox\vcsandbox\release\vcsandbox.pch
e:\vcsb\vcsandbox\vcsandbox\release\vc141.pdb
e:\vcsb\vcsandbox\vcsandbox\release\pch.obj
e:\vcsb\vcsandbox\vcsandbox\release\main.obj
e:\vcsb\vcsandbox\vcsandbox\release\exception.obj
e:\vcsb\vcsandbox\vcsandbox\release\cweaponmanager.obj
e:\vcsb\vcsandbox\vcsandbox\release\cvehiclemanager.obj
e:\vcsb\vcsandbox\vcsandbox\release\cradarmanager.obj
e:\vcsb\vcsandbox\vcsandbox\release\cpopulationmanager.obj
e:\vcsb\vcsandbox\vcsandbox\release\cplayerpedmanager.obj
e:\vcsb\vcsandbox\vcsandbox\release\cpickupmanager.obj
e:\vcsb\vcsandbox\vcsandbox\release\cpedmanager.obj
e:\vcsb\vcsandbox\vcsandbox\release\cobjectmanagercpp.obj
e:\vcsb\vcsandbox\vcsandbox\release\cmodelmanager.obj
e:\vcsb\vcsandbox\vcsandbox\release\cgamepatches.obj
e:\vcsb\vcsandbox\vcsandbox\release\centitymanager.obj
e:\vcsb\vcsandbox\vcsandbox\release\ccustomconsole.obj
d:\gtavc\vcsandbox.asi
d:\gtavc\vcsandbox.ipdb
d:\gtavc\vcsandbox.iobj
e:\vcsb\vcsandbox\vcsandbox\release\vcsandbox.tlog\cl.command.1.tlog
e:\vcsb\vcsandbox\vcsandbox\release\vcsandbox.tlog\cl.read.1.tlog
e:\vcsb\vcsandbox\vcsandbox\release\vcsandbox.tlog\cl.write.1.tlog
e:\vcsb\vcsandbox\vcsandbox\release\vcsandbox.tlog\link.command.1.tlog
e:\vcsb\vcsandbox\vcsandbox\release\vcsandbox.tlog\link.read.1.tlog
e:\vcsb\vcsandbox\vcsandbox\release\vcsandbox.tlog\link.write.1.tlog
e:\vcsb\vcsandbox\vcsandbox\release\vcsandbox.tlog\vcsandbox.write.1u.tlog
